#
# There is insufficient memory for the Java Runtime Environment to continue.
# Native memory allocation (malloc) failed to allocate 1039936 bytes for Chunk::new
# Possible reasons:
#   The system is out of physical RAM or swap space
#   In 32 bit mode, the process size limit was hit
# Possible solutions:
#   Reduce memory load on the system
#   Increase physical memory or swap space
#   Check if swap backing store is full
#   Use 64 bit Java on a 64 bit OS
#   Decrease Java heap size (-Xmx/-Xms)
#   Decrease number of Java threads
#   Decrease Java thread stack sizes (-Xss)
#   Set larger code cache with -XX:ReservedCodeCacheSize=
# This output file may be truncated or incomplete.
#
#  Out of Memory Error (allocation.cpp:390), pid=11792, tid=0x0000000000001d40
#
# JRE version: Java(TM) SE Runtime Environment (8.0_131-b11) (build 1.8.0_131-b11)
# Java VM: Java HotSpot(TM) 64-Bit Server VM (25.131-b11 mixed mode windows-amd64 compressed oops)
# Failed to write core dump. Minidumps are not enabled by default on client versions of Windows
#

---------------  T H R E A D  ---------------

Current thread (0x0000000017683800):  JavaThread "C2 CompilerThread1" daemon [_thread_in_native, id=7488, stack(0x0000000018dc0000,0x0000000018ec0000)]

Stack: [0x0000000018dc0000,0x0000000018ec0000]
[error occurred during error reporting (printing stack bounds), id 0xc0000005]

Native frames: (J=compiled Java code, j=interpreted, Vv=VM code, C=native code)


Current CompileTask:
C2:   3872 2436 %     4       com.sun.tools.javac.file.ZipFileIndex$ZipDirectory::readEntry @ 102 (587 bytes)


---------------  P R O C E S S  ---------------

Java Threads: ( => current thread )
  0x000000001a358800 JavaThread "resolver-4" daemon [_thread_blocked, id=996, stack(0x000000001f630000,0x000000001f730000)]
  0x000000001a1dc800 JavaThread "resolver-3" daemon [_thread_blocked, id=11520, stack(0x000000001f530000,0x000000001f630000)]
  0x000000001a1dc000 JavaThread "resolver-2" daemon [_thread_blocked, id=8660, stack(0x000000001f2d0000,0x000000001f3d0000)]
  0x000000001e3b0800 JavaThread "resolver-1" daemon [_thread_blocked, id=4340, stack(0x000000001dc60000,0x000000001dd60000)]
  0x0000000018fe8800 JavaThread "Service Thread" daemon [_thread_blocked, id=9300, stack(0x00000000193c0000,0x00000000194c0000)]
  0x000000001768a800 JavaThread "C1 CompilerThread2" daemon [_thread_blocked, id=10248, stack(0x0000000018ec0000,0x0000000018fc0000)]
=>0x0000000017683800 JavaThread "C2 CompilerThread1" daemon [_thread_in_native, id=7488, stack(0x0000000018dc0000,0x0000000018ec0000)]
  0x0000000017680000 JavaThread "C2 CompilerThread0" daemon [_thread_in_native, id=8204, stack(0x0000000018cc0000,0x0000000018dc0000)]
  0x000000001767e000 JavaThread "Attach Listener" daemon [_thread_blocked, id=2272, stack(0x0000000018bc0000,0x0000000018cc0000)]
  0x000000001767d000 JavaThread "Signal Dispatcher" daemon [_thread_blocked, id=6872, stack(0x0000000018ac0000,0x0000000018bc0000)]
  0x0000000002b8a000 JavaThread "Finalizer" daemon [_thread_blocked, id=11444, stack(0x00000000188d0000,0x00000000189d0000)]
  0x0000000002b81000 JavaThread "Reference Handler" daemon [_thread_blocked, id=4540, stack(0x00000000187d0000,0x00000000188d0000)]
  0x000000000104e800 JavaThread "main" [_thread_in_Java, id=8952, stack(0x0000000002990000,0x0000000002a90000)]

Other Threads:
  0x0000000017648000 VMThread [stack: 0x00000000186d0000,0x00000000187d0000] [id=3728]
  0x0000000019010800 WatcherThread [stack: 0x00000000194c0000,0x00000000195c0000] [id=6888]

VM state:not at safepoint (normal execution)

VM Mutex/Monitor currently owned by a thread: None

Heap:
 PSYoungGen      total 70656K, used 61632K [0x00000000d6000000, 0x00000000daa00000, 0x0000000100000000)
  eden space 65536K, 94% used [0x00000000d6000000,0x00000000d9c300d8,0x00000000da000000)
  from space 5120K, 0% used [0x00000000da000000,0x00000000da000000,0x00000000da500000)
  to   space 5120K, 0% used [0x00000000da500000,0x00000000da500000,0x00000000daa00000)
 ParOldGen       total 62976K, used 10502K [0x0000000082000000, 0x0000000085d80000, 0x00000000d6000000)
  object space 62976K, 16% used [0x0000000082000000,0x0000000082a41908,0x0000000085d80000)
 Metaspace       used 23684K, capacity 24252K, committed 24320K, reserved 1071104K
  class space    used 2910K, capacity 3028K, committed 3072K, reserved 1048576K

Card table byte_map: [0x0000000011f50000,0x0000000012350000] byte_map_base: 0x0000000011b40000

Marking Bits: (ParMarkBitMap*) 0x000000006f63c720
 Begin Bits: [0x00000000129f0000, 0x0000000014970000)
 End Bits:   [0x0000000014970000, 0x00000000168f0000)

Polling page: 0x0000000000cf0000

CodeCache: size=245760Kb used=9704Kb max_used=9704Kb free=236055Kb
 bounds [0x0000000002b90000, 0x0000000003510000, 0x0000000011b90000]
 total_blobs=3430 nmethods=3068 adapters=274
 compilation: enabled

Compilation events (10 events):
Event: 3.851 Thread 0x000000001768a800 3087       1       java.nio.Buffer::remaining (10 bytes)
Event: 3.851 Thread 0x000000001768a800 nmethod 3087 0x000000000350e6d0 code [0x000000000350e820, 0x000000000350e930]
Event: 3.852 Thread 0x000000001768a800 3088       2       org.apache.maven.model.ReportPlugin::setVersion (6 bytes)
Event: 3.852 Thread 0x000000001768a800 nmethod 3088 0x000000000350e990 code [0x000000000350eae0, 0x000000000350ec50]
Event: 3.853 Thread 0x000000001768a800 3089       2       java.util.WeakHashMap::newTable (8 bytes)
Event: 3.853 Thread 0x000000001768a800 nmethod 3089 0x000000000350ecd0 code [0x000000000350ee20, 0x000000000350eff0]
Event: 3.855 Thread 0x000000001768a800 3090       2       org.apache.maven.model.DeploymentRepository::<init> (10 bytes)
Event: 3.855 Thread 0x000000001768a800 nmethod 3090 0x000000000350f090 code [0x000000000350f1e0, 0x000000000350f350]
Event: 3.857 Thread 0x000000001768a800 3091       2       java.lang.String::subSequence (7 bytes)
Event: 3.857 Thread 0x000000001768a800 nmethod 3091 0x000000000350f3d0 code [0x000000000350f540, 0x000000000350f6a8]

GC Heap History (10 events):
Event: 1.409 GC heap before
{Heap before GC invocations=2 (full 0):
 PSYoungGen      total 37888K, used 37284K [0x00000000d6000000, 0x00000000d8a00000, 0x0000000100000000)
  eden space 32768K, 100% used [0x00000000d6000000,0x00000000d8000000,0x00000000d8000000)
  from space 5120K, 88% used [0x00000000d8000000,0x00000000d8469020,0x00000000d8500000)
  to   space 5120K, 0% used [0x00000000d8500000,0x00000000d8500000,0x00000000d8a00000)
 ParOldGen       total 86016K, used 16K [0x0000000082000000, 0x0000000087400000, 0x00000000d6000000)
  object space 86016K, 0% used [0x0000000082000000,0x0000000082004000,0x0000000087400000)
 Metaspace       used 12175K, capacity 12408K, committed 12672K, reserved 1060864K
  class space    used 1502K, capacity 1575K, committed 1664K, reserved 1048576K
Event: 1.421 GC heap after
Heap after GC invocations=2 (full 0):
 PSYoungGen      total 37888K, used 5089K [0x00000000d6000000, 0x00000000daa00000, 0x0000000100000000)
  eden space 32768K, 0% used [0x00000000d6000000,0x00000000d6000000,0x00000000d8000000)
  from space 5120K, 99% used [0x00000000d8500000,0x00000000d89f84b8,0x00000000d8a00000)
  to   space 5120K, 0% used [0x00000000d8000000,0x00000000d8000000,0x00000000d8500000)
 ParOldGen       total 86016K, used 2003K [0x0000000082000000, 0x0000000087400000, 0x00000000d6000000)
  object space 86016K, 2% used [0x0000000082000000,0x00000000821f4cc0,0x0000000087400000)
 Metaspace       used 12175K, capacity 12408K, committed 12672K, reserved 1060864K
  class space    used 1502K, capacity 1575K, committed 1664K, reserved 1048576K
}
Event: 2.082 GC heap before
{Heap before GC invocations=3 (full 0):
 PSYoungGen      total 37888K, used 37857K [0x00000000d6000000, 0x00000000daa00000, 0x0000000100000000)
  eden space 32768K, 100% used [0x00000000d6000000,0x00000000d8000000,0x00000000d8000000)
  from space 5120K, 99% used [0x00000000d8500000,0x00000000d89f84b8,0x00000000d8a00000)
  to   space 5120K, 0% used [0x00000000d8000000,0x00000000d8000000,0x00000000d8500000)
 ParOldGen       total 86016K, used 2003K [0x0000000082000000, 0x0000000087400000, 0x00000000d6000000)
  object space 86016K, 2% used [0x0000000082000000,0x00000000821f4cc0,0x0000000087400000)
 Metaspace       used 13257K, capacity 13588K, committed 13824K, reserved 1060864K
  class space    used 1617K, capacity 1689K, committed 1792K, reserved 1048576K
Event: 2.090 GC heap after
Heap after GC invocations=3 (full 0):
 PSYoungGen      total 37888K, used 5104K [0x00000000d6000000, 0x00000000daa00000, 0x0000000100000000)
  eden space 32768K, 0% used [0x00000000d6000000,0x00000000d6000000,0x00000000d8000000)
  from space 5120K, 99% used [0x00000000d8000000,0x00000000d84fc030,0x00000000d8500000)
  to   space 5120K, 0% used [0x00000000da500000,0x00000000da500000,0x00000000daa00000)
 ParOldGen       total 86016K, used 2841K [0x0000000082000000, 0x0000000087400000, 0x00000000d6000000)
  object space 86016K, 3% used [0x0000000082000000,0x00000000822c6420,0x0000000087400000)
 Metaspace       used 13257K, capacity 13588K, committed 13824K, reserved 1060864K
  class space    used 1617K, capacity 1689K, committed 1792K, reserved 1048576K
}
Event: 2.723 GC heap before
{Heap before GC invocations=4 (full 0):
 PSYoungGen      total 37888K, used 37872K [0x00000000d6000000, 0x00000000daa00000, 0x0000000100000000)
  eden space 32768K, 100% used [0x00000000d6000000,0x00000000d8000000,0x00000000d8000000)
  from space 5120K, 99% used [0x00000000d8000000,0x00000000d84fc030,0x00000000d8500000)
  to   space 5120K, 0% used [0x00000000da500000,0x00000000da500000,0x00000000daa00000)
 ParOldGen       total 86016K, used 2841K [0x0000000082000000, 0x0000000087400000, 0x00000000d6000000)
  object space 86016K, 3% used [0x0000000082000000,0x00000000822c6420,0x0000000087400000)
 Metaspace       used 19002K, capacity 19530K, committed 19712K, reserved 1067008K
  class space    used 2366K, capacity 2482K, committed 2560K, reserved 1048576K
Event: 2.740 GC heap after
Heap after GC invocations=4 (full 0):
 PSYoungGen      total 70656K, used 5088K [0x00000000d6000000, 0x00000000daa00000, 0x0000000100000000)
  eden space 65536K, 0% used [0x00000000d6000000,0x00000000d6000000,0x00000000da000000)
  from space 5120K, 99% used [0x00000000da500000,0x00000000da9f8030,0x00000000daa00000)
  to   space 5120K, 0% used [0x00000000da000000,0x00000000da000000,0x00000000da500000)
 ParOldGen       total 86016K, used 8423K [0x0000000082000000, 0x0000000087400000, 0x00000000d6000000)
  object space 86016K, 9% used [0x0000000082000000,0x0000000082839f18,0x0000000087400000)
 Metaspace       used 19002K, capacity 19530K, committed 19712K, reserved 1067008K
  class space    used 2366K, capacity 2482K, committed 2560K, reserved 1048576K
}
Event: 2.897 GC heap before
{Heap before GC invocations=5 (full 0):
 PSYoungGen      total 70656K, used 10808K [0x00000000d6000000, 0x00000000daa00000, 0x0000000100000000)
  eden space 65536K, 8% used [0x00000000d6000000,0x00000000d6596128,0x00000000da000000)
  from space 5120K, 99% used [0x00000000da500000,0x00000000da9f8030,0x00000000daa00000)
  to   space 5120K, 0% used [0x00000000da000000,0x00000000da000000,0x00000000da500000)
 ParOldGen       total 86016K, used 8423K [0x0000000082000000, 0x0000000087400000, 0x00000000d6000000)
  object space 86016K, 9% used [0x0000000082000000,0x0000000082839f18,0x0000000087400000)
 Metaspace       used 20620K, capacity 21098K, committed 21248K, reserved 1067008K
  class space    used 2600K, capacity 2706K, committed 2816K, reserved 1048576K
Event: 2.912 GC heap after
Heap after GC invocations=5 (full 0):
 PSYoungGen      total 70656K, used 5104K [0x00000000d6000000, 0x00000000daa00000, 0x0000000100000000)
  eden space 65536K, 0% used [0x00000000d6000000,0x00000000d6000000,0x00000000da000000)
  from space 5120K, 99% used [0x00000000da000000,0x00000000da4fc030,0x00000000da500000)
  to   space 5120K, 0% used [0x00000000da500000,0x00000000da500000,0x00000000daa00000)
 ParOldGen       total 86016K, used 8847K [0x0000000082000000, 0x0000000087400000, 0x00000000d6000000)
  object space 86016K, 10% used [0x0000000082000000,0x00000000828a3f28,0x0000000087400000)
 Metaspace       used 20620K, capacity 21098K, committed 21248K, reserved 1067008K
  class space    used 2600K, capacity 2706K, committed 2816K, reserved 1048576K
}
Event: 2.912 GC heap before
{Heap before GC invocations=6 (full 1):
 PSYoungGen      total 70656K, used 5104K [0x00000000d6000000, 0x00000000daa00000, 0x0000000100000000)
  eden space 65536K, 0% used [0x00000000d6000000,0x00000000d6000000,0x00000000da000000)
  from space 5120K, 99% used [0x00000000da000000,0x00000000da4fc030,0x00000000da500000)
  to   space 5120K, 0% used [0x00000000da500000,0x00000000da500000,0x00000000daa00000)
 ParOldGen       total 86016K, used 8847K [0x0000000082000000, 0x0000000087400000, 0x00000000d6000000)
  object space 86016K, 10% used [0x0000000082000000,0x00000000828a3f28,0x0000000087400000)
 Metaspace       used 20620K, capacity 21098K, committed 21248K, reserved 1067008K
  class space    used 2600K, capacity 2706K, committed 2816K, reserved 1048576K
Event: 2.981 GC heap after
Heap after GC invocations=6 (full 1):
 PSYoungGen      total 70656K, used 0K [0x00000000d6000000, 0x00000000daa00000, 0x0000000100000000)
  eden space 65536K, 0% used [0x00000000d6000000,0x00000000d6000000,0x00000000da000000)
  from space 5120K, 0% used [0x00000000da000000,0x00000000da000000,0x00000000da500000)
  to   space 5120K, 0% used [0x00000000da500000,0x00000000da500000,0x00000000daa00000)
 ParOldGen       total 62976K, used 10502K [0x0000000082000000, 0x0000000085d80000, 0x00000000d6000000)
  object space 62976K, 16% used [0x0000000082000000,0x0000000082a41908,0x0000000085d80000)
 Metaspace       used 20620K, capacity 21098K, committed 21248K, reserved 1067008K
  class space    used 2600K, capacity 2706K, committed 2816K, reserved 1048576K
}

Deoptimization events (10 events):
Event: 2.364 Thread 0x000000000104e800 Uncommon trap: reason=class_check action=maybe_recompile pc=0x0000000002d3b2f0 method=sun.misc.URLClassPath.getLoader(I)Lsun/misc/URLClassPath$Loader; @ 94
Event: 2.365 Thread 0x000000000104e800 Uncommon trap: reason=class_check action=maybe_recompile pc=0x0000000002d3b2f0 method=sun.misc.URLClassPath.getLoader(I)Lsun/misc/URLClassPath$Loader; @ 94
Event: 2.540 Thread 0x000000000104e800 Uncommon trap: reason=bimorphic action=maybe_recompile pc=0x00000000031f7950 method=java.util.HashMap.putVal(ILjava/lang/Object;Ljava/lang/Object;ZZ)Ljava/lang/Object; @ 253
Event: 2.541 Thread 0x000000000104e800 Uncommon trap: reason=bimorphic action=maybe_recompile pc=0x00000000031f7950 method=java.util.HashMap.putVal(ILjava/lang/Object;Ljava/lang/Object;ZZ)Ljava/lang/Object; @ 253
Event: 2.541 Thread 0x000000000104e800 Uncommon trap: reason=bimorphic action=maybe_recompile pc=0x0000000003119264 method=java.util.HashMap.putVal(ILjava/lang/Object;Ljava/lang/Object;ZZ)Ljava/lang/Object; @ 253
Event: 3.047 Thread 0x000000000104e800 Uncommon trap: reason=class_check action=maybe_recompile pc=0x0000000002d3b2f0 method=sun.misc.URLClassPath.getLoader(I)Lsun/misc/URLClassPath$Loader; @ 94
Event: 3.047 Thread 0x000000000104e800 Uncommon trap: reason=class_check action=maybe_recompile pc=0x0000000002d3b2f0 method=sun.misc.URLClassPath.getLoader(I)Lsun/misc/URLClassPath$Loader; @ 94
Event: 3.050 Thread 0x000000000104e800 Uncommon trap: reason=unstable_if action=reinterpret pc=0x0000000002d465a0 method=sun.misc.URLClassPath$JarLoader.getResource(Ljava/lang/String;Z)Lsun/misc/Resource; @ 62
Event: 3.051 Thread 0x000000000104e800 Uncommon trap: reason=class_check action=maybe_recompile pc=0x0000000002d36978 method=sun.misc.URLClassPath.getLoader(I)Lsun/misc/URLClassPath$Loader; @ 94
Event: 3.343 Thread 0x000000000104e800 Uncommon trap: reason=unstable_if action=reinterpret pc=0x00000000031c82dc method=java.util.LinkedHashMap.afterNodeInsertion(Z)V @ 18

Internal exceptions (10 events):
Event: 1.586 Thread 0x000000000104e800 Implicit null exception at 0x0000000002efa07b to 0x0000000002efa645
Event: 1.653 Thread 0x000000000104e800 Exception <a 'java/lang/NoClassDefFoundError': org/slf4j/Logger> (0x00000000d6c436b0) thrown at [C:\re\workspace\8-2-build-windows-amd64-cygwin\jdk8u131\8869\hotspot\src\share\vm\oops\constantPool.cpp, line 235]
Event: 1.797 Thread 0x000000000104e800 Implicit null exception at 0x00000000031300a7 to 0x00000000031313c5
Event: 2.019 Thread 0x000000000104e800 Exception <a 'java/lang/NoClassDefFoundError': org/slf4j/Logger> (0x00000000d7cceab8) thrown at [C:\re\workspace\8-2-build-windows-amd64-cygwin\jdk8u131\8869\hotspot\src\share\vm\oops\constantPool.cpp, line 235]
Event: 2.127 Thread 0x000000000104e800 Exception <a 'java/lang/NoClassDefFoundError': org/slf4j/Logger> (0x00000000d6313950) thrown at [C:\re\workspace\8-2-build-windows-amd64-cygwin\jdk8u131\8869\hotspot\src\share\vm\oops\constantPool.cpp, line 235]
Event: 2.442 Thread 0x000000000104e800 Exception <a 'java/io/FileNotFoundException'> (0x00000000d7365800) thrown at [C:\re\workspace\8-2-build-windows-amd64-cygwin\jdk8u131\8869\hotspot\src\share\vm\prims\jni.cpp, line 709]
Event: 2.445 Thread 0x000000000104e800 Exception <a 'java/io/FileNotFoundException'> (0x00000000d73a7718) thrown at [C:\re\workspace\8-2-build-windows-amd64-cygwin\jdk8u131\8869\hotspot\src\share\vm\prims\jni.cpp, line 709]
Event: 3.109 Thread 0x000000000104e800 Exception <a 'java/io/FileNotFoundException'> (0x00000000d6af3d08) thrown at [C:\re\workspace\8-2-build-windows-amd64-cygwin\jdk8u131\8869\hotspot\src\share\vm\prims\jni.cpp, line 709]
Event: 3.111 Thread 0x000000000104e800 Exception <a 'java/io/FileNotFoundException'> (0x00000000d6b27dc0) thrown at [C:\re\workspace\8-2-build-windows-amd64-cygwin\jdk8u131\8869\hotspot\src\share\vm\prims\jni.cpp, line 709]
Event: 3.711 Thread 0x000000000104e800 Exception <a 'java/lang/NoClassDefFoundError': org/slf4j/Logger> (0x00000000d9010eb0) thrown at [C:\re\workspace\8-2-build-windows-amd64-cygwin\jdk8u131\8869\hotspot\src\share\vm\oops\constantPool.cpp, line 235]

Events (10 events):
Event: 3.868 loading class org/apache/maven/plugin/surefire/report/FileReporterFactory
Event: 3.868 loading class org/apache/maven/plugin/surefire/report/FileReporterFactory done
Event: 3.868 loading class org/apache/maven/plugin/surefire/report/FileReporterFactory
Event: 3.868 loading class org/apache/maven/plugin/surefire/report/FileReporterFactory done
Event: 3.868 loading class org/apache/maven/plugin/surefire/report/FileReporterFactory
Event: 3.868 loading class org/apache/maven/plugin/surefire/report/FileReporterFactory done
Event: 3.869 loading class org/apache/maven/surefire/report/RunListener
Event: 3.869 loading class org/apache/maven/surefire/report/RunListener done
Event: 3.869 loading class org/apache/maven/surefire/report/RunListener
Event: 3.869 loading class org/apache/maven/surefire/report/RunListener done


Dynamic libraries:
0x00007ff6b4400000 - 0x00007ff6b4437000 	C:\Program Files\Java\jdk1.8.0_131\bin\java.exe
0x00007ffe46cd0000 - 0x00007ffe46eb1000 	C:\WINDOWS\SYSTEM32\ntdll.dll
0x00007ffe44cc0000 - 0x00007ffe44d72000 	C:\WINDOWS\System32\KERNEL32.DLL
0x00007ffe430c0000 - 0x00007ffe43333000 	C:\WINDOWS\System32\KERNELBASE.dll
0x00007ffe46740000 - 0x00007ffe467e1000 	C:\WINDOWS\System32\ADVAPI32.dll
0x00007ffe44340000 - 0x00007ffe443de000 	C:\WINDOWS\System32\msvcrt.dll
0x00007ffe45130000 - 0x00007ffe4518b000 	C:\WINDOWS\System32\sechost.dll
0x00007ffe44d80000 - 0x00007ffe44ea4000 	C:\WINDOWS\System32\RPCRT4.dll
0x00007ffe44a80000 - 0x00007ffe44c10000 	C:\WINDOWS\System32\USER32.dll
0x00007ffe430a0000 - 0x00007ffe430c0000 	C:\WINDOWS\System32\win32u.dll
0x00007ffe44190000 - 0x00007ffe441b8000 	C:\WINDOWS\System32\GDI32.dll
0x00007ffe43c00000 - 0x00007ffe43d92000 	C:\WINDOWS\System32\gdi32full.dll
0x00007ffe440c0000 - 0x00007ffe4415f000 	C:\WINDOWS\System32\msvcp_win.dll
0x00007ffe43340000 - 0x00007ffe4343a000 	C:\WINDOWS\System32\ucrtbase.dll
0x00007ffe33630000 - 0x00007ffe33899000 	C:\WINDOWS\WinSxS\amd64_microsoft.windows.common-controls_6595b64144ccf1df_6.0.17134.286_none_fb43982d306480cc\COMCTL32.dll
0x00007ffe446b0000 - 0x00007ffe449d3000 	C:\WINDOWS\System32\combase.dll
0x00007ffe43da0000 - 0x00007ffe43e1a000 	C:\WINDOWS\System32\bcryptPrimitives.dll
0x00007ffe44160000 - 0x00007ffe4418d000 	C:\WINDOWS\System32\IMM32.DLL
0x000000006fd60000 - 0x000000006fe32000 	C:\Program Files\Java\jdk1.8.0_131\jre\bin\msvcr100.dll
0x000000006ee20000 - 0x000000006f6bc000 	C:\Program Files\Java\jdk1.8.0_131\jre\bin\server\jvm.dll
0x00007ffe444b0000 - 0x00007ffe444b8000 	C:\WINDOWS\System32\PSAPI.DLL
0x00007ffe39200000 - 0x00007ffe3920a000 	C:\WINDOWS\SYSTEM32\VERSION.dll
0x00007ffe3faf0000 - 0x00007ffe3fb13000 	C:\WINDOWS\SYSTEM32\WINMM.dll
0x00007ffe3f9e0000 - 0x00007ffe3fa0a000 	C:\WINDOWS\SYSTEM32\WINMMBASE.dll
0x00007ffe43e80000 - 0x00007ffe43ec9000 	C:\WINDOWS\System32\cfgmgr32.dll
0x00007ffe3dcf0000 - 0x00007ffe3dcf9000 	C:\WINDOWS\SYSTEM32\WSOCK32.dll
0x00007ffe45050000 - 0x00007ffe450bc000 	C:\WINDOWS\System32\WS2_32.dll
0x000000006fd10000 - 0x000000006fd1f000 	C:\Program Files\Java\jdk1.8.0_131\jre\bin\verify.dll
0x000000006fce0000 - 0x000000006fd09000 	C:\Program Files\Java\jdk1.8.0_131\jre\bin\java.dll
0x000000006fcc0000 - 0x000000006fcd6000 	C:\Program Files\Java\jdk1.8.0_131\jre\bin\zip.dll
0x00007ffe452a0000 - 0x00007ffe466e0000 	C:\WINDOWS\System32\SHELL32.dll
0x00007ffe44c10000 - 0x00007ffe44cb9000 	C:\WINDOWS\System32\shcore.dll
0x00007ffe434f0000 - 0x00007ffe43bfd000 	C:\WINDOWS\System32\windows.storage.dll
0x00007ffe450d0000 - 0x00007ffe45121000 	C:\WINDOWS\System32\shlwapi.dll
0x00007ffe43080000 - 0x00007ffe43091000 	C:\WINDOWS\System32\kernel.appcore.dll
0x00007ffe42ff0000 - 0x00007ffe4300f000 	C:\WINDOWS\System32\profapi.dll
0x00007ffe43010000 - 0x00007ffe4305c000 	C:\WINDOWS\System32\powrprof.dll
0x00007ffe42fe0000 - 0x00007ffe42fea000 	C:\WINDOWS\System32\FLTLIB.DLL
0x000000006fca0000 - 0x000000006fcba000 	C:\Program Files\Java\jdk1.8.0_131\jre\bin\net.dll
0x00007ffe42860000 - 0x00007ffe428c6000 	C:\WINDOWS\system32\mswsock.dll
0x000000006fc80000 - 0x000000006fc91000 	C:\Program Files\Java\jdk1.8.0_131\jre\bin\nio.dll

VM Arguments:
jvm_args: -Dclassworlds.conf=C:\Program Files\NetBeans 8.2\java\maven\bin\m2.conf -Dmaven.home=C:\Program Files\NetBeans 8.2\java\maven 
java_command: org.codehaus.plexus.classworlds.launcher.Launcher -Dmaven.ext.class.path=C:\Program Files\NetBeans 8.2\java\maven-nblib\netbeans-eventspy.jar -Dfile.encoding=UTF-8 clean install
java_class_path (initial): C:\Program Files\NetBeans 8.2\java\maven\boot\plexus-classworlds-2.4.jar
Launcher Type: SUN_STANDARD

Environment Variables:
JAVA_HOME=C:\Program Files\Java\jdk1.8.0_131
PATH=C:\Program Files (x86)\Common Files\Oracle\Java\javapath;C:\ProgramData\Oracle\Java\javapath;C:\Program Files (x86)\Intel\iCLS Client\;C:\Program Files\Intel\iCLS Client\;C:\Windows\system32;C:\Windows;C:\Windows\System32\Wbem;C:\Windows\System32\WindowsPowerShell\v1.0\;C:\Program Files (x86)\Intel\Intel(R) Management Engine Components\DAL;C:\Program Files\Intel\Intel(R) Management Engine Components\DAL;C:\Program Files (x86)\Intel\Intel(R) Management Engine Components\IPT;C:\Program Files\Intel\Intel(R) Management Engine Components\IPT;C:\Program Files (x86)\NVIDIA Corporation\PhysX\Common;C:\WINDOWS\system32;C:\WINDOWS;C:\WINDOWS\System32\Wbem;C:\WINDOWS\System32\WindowsPowerShell\v1.0\;C:\Program Files\Git\cmd;C:\Program Files\Microsoft SQL Server\Client SDK\ODBC\130\Tools\Binn\;C:\Program Files (x86)\Microsoft SQL Server\130\Tools\Binn\;C:\Program Files\Microsoft SQL Server\130\Tools\Binn\;C:\Program Files\Microsoft SQL Server\130\DTS\Binn\;C:\Program Files (x86)\Git\cmd;C:\Program Files (x86)\GitExtensions\;C:\Program Files (x86)\Microsoft SQL Server\Client SDK\ODBC\130\Tools\Binn\;C:\Program Files (x86)\Microsoft SQL Server\140\Tools\Binn\;C:\Program Files (x86)\Microsoft SQL Server\140\DTS\Binn\;C:\Program Files (x86)\Microsoft SQL Server\140\Tools\Binn\ManagementStudio\;C:\Program Files\SourceGear\Common\DiffMerge\;C:\WINDOWS\System32\OpenSSH\;C:\Program Files\Microsoft VS Code\bin;C:\Program Files\PuTTY\;C:\Python\Scripts\;C:\Python\;C:\Users\kmini\AppData\Local\Microsoft\WindowsApps;;C:\Program Files\Microsoft VS Code\bin;C:\Program Files\Docker Toolbox
USERNAME=kmini
OS=Windows_NT
PROCESSOR_IDENTIFIER=Intel64 Family 6 Model 142 Stepping 9, GenuineIntel



---------------  S Y S T E M  ---------------

OS: Windows 10.0 , 64 bit Build 17134 (10.0.17134.1)

CPU:total 4 (initial active 4) (2 cores per cpu, 2 threads per core) family 6 model 142 stepping 9, cmov, cx8, fxsr, mmx, sse, sse2, sse3, ssse3, sse4.1, sse4.2, popcnt, avx, avx2, aes, clmul, erms, 3dnowpref, lzcnt, ht, tsc, tscinvbit, bmi1, bmi2, adx

Memory: 4k page, physical 8253668k(1000332k free), swap 8253668k(6084k free)

vm_info: Java HotSpot(TM) 64-Bit Server VM (25.131-b11) for windows-amd64 JRE (1.8.0_131-b11), built on Mar 15 2017 01:23:53 by "java_re" with MS VC++ 10.0 (VS2010)

time: Mon Oct 08 00:14:10 2018
elapsed time: 3 seconds (0d 0h 0m 3s)

